2023-04-27T06:49:13.952Z - log: [Package] menu@1.0.0 enable
2023-04-27T06:49:13.954Z - log: [Package] profile@1.0.0 enable
2023-04-27T06:49:13.961Z - log: [Package] project@1.0.2 enable
2023-04-27T06:49:13.966Z - log: [Package] messages@1.0.0 enable
2023-04-27T06:49:13.969Z - log: [Package] program@1.0.0 enable
2023-04-27T06:49:13.992Z - log: [Package] tester@1.0.0 enable
2023-04-27T06:49:13.997Z - log: [Package] preferences@1.0.0 enable
2023-04-27T06:49:18.382Z - log: error Error: EEXIST: file already exists, symlink 'D:\ProgramData\cocos\editors\3.6.0\resources\resources\3d\engine\native' -> 'D:\ProgramData\cocos\editors\3.6.0\resources\resources\3d\engine-native'
    at symlinkSync (fs.js:1169:3)
    at createSymlink (D:\ProgramData\cocos\editors\3.6.0\resources\app.asar\builtin\engine\dist\browser\index.ccc:1:6169)
    at Package.load (D:\ProgramData\cocos\editors\3.6.0\resources\app.asar\builtin\engine\dist\browser\index.ccc:1:3421)
    at Package.execLifeFunc (D:\ProgramData\cocos\editors\3.6.0\resources\app.asar\node_modules\@editor\package\dist\browser\package.ccc:1:1181)
    at Package.enable (D:\ProgramData\cocos\editors\3.6.0\resources\app.asar\node_modules\@editor\package\dist\browser\package.ccc:1:3339)
    at PackageManager.enable (D:\ProgramData\cocos\editors\3.6.0\resources\app.asar\node_modules\@editor\package\dist\browser\index.js:1:1743)
    at Object.<anonymous> (D:\ProgramData\cocos\editors\3.6.0\resources\app.asar\node_modules\@editor\creator\dist\package\browser\index.ccc:1:7461)
    at Generator.next (<anonymous>)
    at i (D:\ProgramData\cocos\editors\3.6.0\resources\app.asar\node_modules\@editor\creator\dist\package\browser\index.ccc:1:131)
    at processTicksAndRejections (internal/process/task_queues.js:93:5) {
  errno: -4075,
  syscall: 'symlink',
  code: 'EEXIST',
  path: 'D:\\ProgramData\\cocos\\editors\\3.6.0\\resources\\resources\\3d\\engine\\native',
  dest: 'D:\\ProgramData\\cocos\\editors\\3.6.0\\resources\\resources\\3d\\engine-native'
}
2023-04-27T06:49:19.346Z - log: Profile changed: engine (modules.includeModules: 2d,animation,audio,base,dragon-bones,gfx-webgl,gfx-webgl2,intersection-2d,marionette,particle-2d,physics-2d-box2d,profiler,skeletal-animation,spine,tiled-map,tween,ui,video,webview)
2023-04-27T06:49:19.359Z - log: [Package] engine@1.0.6 enable
2023-04-27T06:49:20.840Z - log: [Package] programming@1.0.0 enable
2023-04-27T06:49:21.068Z - warn: 
2023-04-27T06:49:21.148Z - warn: 
2023-04-27T06:49:21.317Z - log: [Package] device@1.0.1 enable
2023-04-27T06:49:21.343Z - log: [Package] ui-kit@1.0.1 enable
2023-04-27T06:49:21.365Z - log: [Package] engine-extends@1.0.0 enable
2023-04-27T06:49:21.462Z - log: [Package] asset-db@1.0.0 enable
2023-04-27T06:49:21.463Z - warn: 
2023-04-27T06:49:21.497Z - log: [Package] scene@1.0.0 enable
2023-04-27T06:49:21.884Z - log: [Package] server@1.0.0 enable
2023-04-27T06:49:21.953Z - log: [Package] utils@1.0.0 enable
2023-04-27T06:49:23.008Z - warn: Browserslist: caniuse-lite is outdated. Please run:
npx browserslist@latest --update-db

Why you should do it regularly:
https://github.com/browserslist/browserslist#browsers-data-updating
2023-04-27T06:49:27.665Z - warn: 
2023-04-27T06:49:27.666Z - warn: 
2023-04-27T06:49:27.666Z - warn: 
2023-04-27T06:49:27.904Z - warn: 
2023-04-27T06:49:27.905Z - warn: 
2023-04-27T06:49:27.905Z - warn: 
2023-04-27T06:49:29.814Z - warn: 
2023-04-27T06:49:29.930Z - log: [Package] preview@1.0.1 enable
2023-04-27T06:49:29.999Z - log: [Package] animator@1.0.0 enable
2023-04-27T06:49:30.073Z - log: pluginManager init: 0.121ms
2023-04-27T06:49:29.993Z - warn: [Programming] Browserslist: caniuse-lite is outdated. Please run:
  npx update-browserslist-db@latest
  Why you should do it regularly: https://github.com/browserslist/update-db#readme[Programming] Browserslist: caniuse-lite is outdated. Please run:
  npx update-browserslist-db@latest
  Why you should do it regularly: https://github.com/browserslist/update-db#readme  
at Logger.record (D:\ProgramData\cocos\editors\3.6.0\resources\app.asar\node_modules\@base\electron-logger\lib\renderer.ccc:1:458)  
at console.warn (D:\ProgramData\cocos\editors\3.6.0\resources\app.asar\node_modules\@base\electron-logger\lib\renderer.ccc:1:1260)  
at Object.oldDataWarning (D:\ProgramData\cocos\editors\3.6.0\resources\app.asar\node_modules\@cocos\creator-programming-mod-lo\node_modules\browserslist\node.js:386:15)  
at browserslist (D:\ProgramData\cocos\editors\3.6.0\resources\app.asar\node_modules\@cocos\creator-programming-mod-lo\node_modules\browserslist\index.js:394:7)  
at resolveTargets (D:\ProgramData\cocos\editors\3.6.0\resources\app.asar\node_modules\@cocos\creator-programming-mod-lo\node_modules\@babel\helper-compilation-targets\lib\index.js:165:20)  
at getTargets (D:\ProgramData\cocos\editors\3.6.0\resources\app.asar\node_modules\@cocos\creator-programming-mod-lo\node_modules\@babel\helper-compilation-targets\lib\index.js:210:27)  
at getLocalTargets (D:\ProgramData\cocos\editors\3.6.0\resources\app.asar\node_modules\@cocos\creator-programming-mod-lo\node_modules\@babel\preset-env\lib\index.js:227:48)  
at D:\ProgramData\cocos\editors\3.6.0\resources\app.asar\node_modules\@cocos\creator-programming-mod-lo\node_modules\@babel\preset-env\lib\index.js:288:15
2023-04-27T06:49:31.175Z - warn: 
2023-04-27T06:49:31.175Z - warn: 
2023-04-27T06:49:31.175Z - warn: 
2023-04-27T06:49:31.537Z - log: [Package] builder@1.3.3 enable
2023-04-27T06:49:31.671Z - log: [Package] shortcuts@1.0.1 enable
2023-04-27T06:49:31.727Z - log: [Package] animation-graph@1.0.0 enable
2023-04-27T06:49:31.772Z - log: [Package] about@1.0.0 enable
2023-04-27T06:49:31.841Z - log: [Package] assets@1.0.0 enable
2023-04-27T06:49:31.868Z - log: [Package] console@1.0.0 enable
2023-04-27T06:49:32.122Z - log: [Package] extension@3.0.16 enable
2023-04-27T06:49:32.187Z - log: [Package] hierarchy@1.0.0 enable
2023-04-27T06:49:32.215Z - log: [Package] inspector@1.0.0 enable
2023-04-27T06:49:32.242Z - log: [Package] lightmap@1.0.4 enable
2023-04-27T06:49:33.121Z - log: [Package] localization-editor@1.0.0 enable
2023-04-27T06:49:33.130Z - log: [Build-plugin] register pkg localization-editor: 4.914ms
2023-04-27T06:49:33.156Z - log: [Package] node-library@1.0.1 enable
2023-04-27T06:49:33.178Z - log: [Package] package-asset@1.0.0 enable
2023-04-27T06:49:33.205Z - log: [Package] process@1.0.0 enable
2023-04-27T06:49:33.237Z - log: [Package] reference-image@1.0.0 enable
2023-04-27T06:49:33.259Z - log: [Package] alipay-mini-game@1.0.1 enable
2023-04-27T06:49:33.269Z - log: [Build-plugin] register pkg alipay-mini-game: 9.849ms
2023-04-27T06:49:33.291Z - log: [Package] android@1.0.1 enable
2023-04-27T06:49:33.297Z - log: [Build-plugin] register pkg android: 5.51ms
2023-04-27T06:49:33.318Z - log: [Package] baidu-mini-game@1.0.1 enable
2023-04-27T06:49:33.322Z - log: [Build-plugin] register pkg baidu-mini-game: 3.406ms
2023-04-27T06:49:33.400Z - log: [Package] bytedance-mini-game@1.0.2 enable
2023-04-27T06:49:33.402Z - log: [Build-plugin] register pkg bytedance-mini-game: 2.366ms
2023-04-27T06:49:33.424Z - log: [Package] certificate@1.0.0 enable
2023-04-27T06:49:33.445Z - log: [Package] channel-upload-tools@1.0.0 enable
2023-04-27T06:49:33.467Z - log: [Package] cocos-play@1.0.1 enable
2023-04-27T06:49:33.472Z - log: [Build-plugin] register pkg cocos-play: 4.346ms
2023-04-27T06:49:33.493Z - log: [Package] huawei-agc@1.0.0 enable
2023-04-27T06:49:33.497Z - log: [Build-plugin] register pkg huawei-agc: 3.221ms
2023-04-27T06:49:33.519Z - log: [Package] huawei-quick-game@1.0.1 enable
2023-04-27T06:49:33.523Z - log: [Build-plugin] register pkg huawei-quick-game: 3.878ms
2023-04-27T06:49:33.546Z - log: [Package] ios@1.0.0 enable
2023-04-27T06:49:33.550Z - log: [Build-plugin] register pkg ios: 3.295ms
2023-04-27T06:49:33.571Z - log: [Package] linux@1.0.0 enable
2023-04-27T06:49:33.572Z - log: [Build-plugin] register pkg linux: 0.853ms
2023-04-27T06:49:33.595Z - log: [Package] mac@1.0.0 enable
2023-04-27T06:49:33.598Z - log: [Build-plugin] register pkg mac: 3.789ms
2023-04-27T06:49:33.917Z - log: [Package] native@1.0.2 enable
2023-04-27T06:49:33.920Z - log: [Build-plugin] register pkg native: 2.779ms
2023-04-27T06:49:33.941Z - log: [Package] ohos@1.0.0 enable
2023-04-27T06:49:33.944Z - log: [Build-plugin] register pkg ohos: 3.117ms
2023-04-27T06:49:33.966Z - log: [Package] open-harmonyos@1.0.0 enable
2023-04-27T06:49:33.968Z - log: [Build-plugin] register pkg open-harmonyos: 1.26ms
2023-04-27T06:49:33.989Z - log: [Package] oppo-mini-game@1.0.1 enable
2023-04-27T06:49:33.993Z - log: [Build-plugin] register pkg oppo-mini-game: 3.543ms
2023-04-27T06:49:34.014Z - log: [Package] runtime-dev-tools@1.0.0 enable
2023-04-27T06:49:34.035Z - log: [Package] vivo-mini-game@1.0.1 enable
2023-04-27T06:49:34.039Z - log: [Build-plugin] register pkg vivo-mini-game: 3.405ms
2023-04-27T06:49:34.096Z - log: [Package] web-desktop@1.0.1 enable
2023-04-27T06:49:34.099Z - log: [Build-plugin] register pkg web-desktop: 3.366ms
2023-04-27T06:49:34.127Z - log: [Package] web-mobile@1.0.1 enable
2023-04-27T06:49:34.131Z - log: [Build-plugin] register pkg web-mobile: 3.096ms
2023-04-27T06:49:34.160Z - log: [Package] wechatgame@1.0.2 enable
2023-04-27T06:49:34.165Z - log: [Build-plugin] register pkg wechatgame: 4.096ms
2023-04-27T06:49:34.187Z - log: [Package] windows@1.0.1 enable
2023-04-27T06:49:34.190Z - log: [Build-plugin] register pkg windows: 3.06ms
2023-04-27T06:49:34.212Z - log: [Package] xiaomi-quick-game@1.0.1 enable
2023-04-27T06:49:34.216Z - log: [Build-plugin] register pkg xiaomi-quick-game: 3.635ms
2023-04-27T06:49:34.508Z - log: [Package] cocos-service@3.0.4 enable
2023-04-27T06:49:34.512Z - log: [Build-plugin] register pkg cocos-service: 1.757ms
2023-04-27T06:49:34.553Z - log: [Package] importer@1.0.0 enable
2023-04-27T06:49:34.895Z - log: [Im-plugin] Check im-plugin version.
2023-04-27T06:49:34.899Z - log: [Package] im-plugin@3.0.9 enable
2023-04-27T06:49:35.760Z - log: [Im-plugin] No online info of im-plugin.
2023-04-27T06:49:39.089Z - log: [Scene] Please specifiy a default value for "cc.EditorExtendable.__editorExtras__" property at its declaration:

 
// Before:
@property(...)
myProp;
// After:
@property(...)
myProp = 0;
2023-04-27T06:49:39.110Z - log: [Scene] Please specifiy a default value for "CCPropertyOverrideInfo.value" property at its declaration:

 
// Before:
@property(...)
myProp;
// After:
@property(...)
myProp = 0;
2023-04-27T06:49:39.111Z - log: [Scene] Please specifiy a default value for "cc.PrefabInfo.asset" property at its declaration:

 
// Before:
@property(...)
myProp;
// After:
@property(...)
myProp = 0;
2023-04-27T06:49:39.111Z - log: [Scene] Please specifiy a default value for "cc.PrefabInfo.nestedPrefabInstanceRoots" property at its declaration:

 
// Before:
@property(...)
myProp;
// After:
@property(...)
myProp = 0;
2023-04-27T06:49:39.114Z - log: [Scene] The 'default' attribute of 'ColorDesc.beginAccesses' must be an array
2023-04-27T06:49:39.114Z - log: [Scene] The 'default' attribute of 'ColorDesc.endAccesses' must be an array
2023-04-27T06:49:39.128Z - log: [Scene] Please specifiy a default value for "cc.animation.TrackBinding.proxy" property at its declaration:

 
// Before:
@property(...)
myProp;
// After:
@property(...)
myProp = 0;
2023-04-27T06:49:39.128Z - log: [Scene] Please specifiy a default value for "cc.animation.Channel._curve" property at its declaration:

 
// Before:
@property(...)
myProp;
// After:
@property(...)
myProp = 0;
2023-04-27T06:49:39.128Z - log: [Scene] Please specifiy a default value for "cc.animation.SingleChannelTrack._channel" property at its declaration:

 
// Before:
@property(...)
myProp;
// After:
@property(...)
myProp = 0;
2023-04-27T06:49:39.129Z - log: [Scene] Please specifiy a default value for "cc.animation.VectorTrack._channels" property at its declaration:

 
// Before:
@property(...)
myProp;
// After:
@property(...)
myProp = 0;
2023-04-27T06:49:39.129Z - log: [Scene] Please specifiy a default value for "cc.animation.ColorTrack._channels" property at its declaration:

 
// Before:
@property(...)
myProp;
// After:
@property(...)
myProp = 0;
2023-04-27T06:49:39.129Z - log: [Scene] Please specifiy a default value for "cc.animation.SizeTrack._channels" property at its declaration:

 
// Before:
@property(...)
myProp;
// After:
@property(...)
myProp = 0;
2023-04-27T06:49:39.130Z - log: [Scene] Please specifiy a default value for "cc.animation.Transition.from" property at its declaration:

 
// Before:
@property(...)
myProp;
// After:
@property(...)
myProp = 0;
2023-04-27T06:49:39.130Z - log: [Scene] Please specifiy a default value for "cc.animation.Transition.to" property at its declaration:

 
// Before:
@property(...)
myProp;
// After:
@property(...)
myProp = 0;
2023-04-27T06:49:39.130Z - log: [Scene] Please specifiy a default value for "cc.animation.StateMachine._entryState" property at its declaration:

 
// Before:
@property(...)
myProp;
// After:
@property(...)
myProp = 0;
2023-04-27T06:49:39.130Z - log: [Scene] Please specifiy a default value for "cc.animation.StateMachine._exitState" property at its declaration:

 
// Before:
@property(...)
myProp;
// After:
@property(...)
myProp = 0;
2023-04-27T06:49:39.130Z - log: [Scene] Please specifiy a default value for "cc.animation.StateMachine._anyState" property at its declaration:

 
// Before:
@property(...)
myProp;
// After:
@property(...)
myProp = 0;
2023-04-27T06:49:39.130Z - log: [Scene] Please specifiy a default value for "cc.animation.Layer._stateMachine" property at its declaration:

 
// Before:
@property(...)
myProp;
// After:
@property(...)
myProp = 0;
2023-04-27T06:49:39.131Z - log: [Scene] Please specifiy a default value for "cc.animation.ExoticVectorLikeTrackValues._values" property at its declaration:

 
// Before:
@property(...)
myProp;
// After:
@property(...)
myProp = 0;
2023-04-27T06:49:39.131Z - log: [Scene] Please specifiy a default value for "cc.animation.ExoticVectorLikeTrackValues._isQuantized" property at its declaration:

 
// Before:
@property(...)
myProp;
// After:
@property(...)
myProp = 0;
2023-04-27T06:49:39.131Z - log: [Scene] Please specifiy a default value for "cc.animation.ExoticTrack.times" property at its declaration:

 
// Before:
@property(...)
myProp;
// After:
@property(...)
myProp = 0;
2023-04-27T06:49:39.131Z - log: [Scene] Please specifiy a default value for "cc.animation.ExoticTrack.values" property at its declaration:

 
// Before:
@property(...)
myProp;
// After:
@property(...)
myProp = 0;
2023-04-27T06:49:39.131Z - log: [Scene] Please specifiy a default value for "cc.animation.QuantizedFloatArray.originalPrecision" property at its declaration:

 
// Before:
@property(...)
myProp;
// After:
@property(...)
myProp = 0;
2023-04-27T06:49:39.131Z - log: [Scene] Please specifiy a default value for "cc.animation.QuantizedFloatArray.min" property at its declaration:

 
// Before:
@property(...)
myProp;
// After:
@property(...)
myProp = 0;
2023-04-27T06:49:39.131Z - log: [Scene] Please specifiy a default value for "cc.animation.QuantizedFloatArray.extent" property at its declaration:

 
// Before:
@property(...)
myProp;
// After:
@property(...)
myProp = 0;
2023-04-27T06:49:39.131Z - log: [Scene] Please specifiy a default value for "cc.animation.QuantizedFloatArray.values" property at its declaration:

 
// Before:
@property(...)
myProp;
// After:
@property(...)
myProp = 0;
2023-04-27T06:49:39.165Z - log: [Scene] 'cc.ParticleSystem2D.color' hides inherited property 'cc.UIRenderer.color'. To make the current property override that implementation, add the `override: true` attribute please.
2023-04-27T06:49:39.205Z - log: [Scene] No needs to indicate the 'cc.Boolean' attribute for "cc.Terrain._receiveShadow", which its default value is type of Boolean.
2023-04-27T06:49:39.205Z - log: [Scene] No needs to indicate the 'cc.Boolean' attribute for "cc.Terrain._useNormalmap", which its default value is type of Boolean.
2023-04-27T06:49:39.206Z - log: [Scene] No needs to indicate the 'cc.Boolean' attribute for "cc.Terrain._usePBR", which its default value is type of Boolean.
2023-04-27T06:49:39.206Z - log: [Scene] No needs to indicate the 'cc.Boolean' attribute for "cc.Terrain._lodEnable", which its default value is type of Boolean.
2023-04-27T06:49:39.289Z - info: [Scene] [Physics][Bullet]: Using asmjs Bullet libs.
2023-04-27T06:49:39.299Z - info: [Scene] [PHYSICS]: using builtin.
2023-04-27T06:49:39.692Z - log: [Scene] Cocos Creator v3.6.0
2023-04-27T06:49:39.693Z - info: [Scene] Forward render pipeline initialized.
2023-04-27T09:51:34.048Z - error: [Preview]res is not definederrorInfo.stack ? '/n ReferenceError: res is not defined
    at http://localhost:7456/scripting/x/chunks/59/5914aaaf6de2b619c7f92939ff6d7e65e1cf9bf9.js:176:27
    at http://localhost:7456/scripting/x/chunks/80/80f5b1f143b677fe0a3dd4db45cc57c35a40ddb7.js:336:23
    at Array.<anonymous> (http://localhost:7456/scripting/engine/bin/.cache/dev/preview/bundled/index.js:91992:19)
    at http://localhost:7456/scripting/engine/bin/.cache/dev/preview/bundled/index.js:96336:27
    at createImageAsset (http://localhost:7456/scripting/engine/bin/.cache/dev/preview/bundled/index.js:96184:5)
    at Factory.create (http://localhost:7456/scripting/engine/bin/.cache/dev/preview/bundled/index.js:96327:11)
    at http://localhost:7456/scripting/engine/bin/.cache/dev/preview/bundled/index.js:91990:23
    at http://localhost:7456/scripting/engine/bin/.cache/dev/preview/bundled/index.js:99829:9
    at http://localhost:7456/scripting/engine/bin/.cache/dev/preview/bundled/index.js:160023:9' : ''
2023-04-27T09:53:55.270Z - error: [Preview]ReferenceError: i is not definederrorInfo.stack ? '/n ' : ''
