debug: Sun, 23 Apr 2023 09:57:36 GMT
debug: Project: F:\creator\project_3\NewProject_36
debug: Targets: editor,preview
debug: Incremental file seems great.
debug: Engine path: D:\ProgramData\cocos\editors\3.6.0\resources\resources\3d\engine
debug: Initializing target [Editor]
debug: Loading cache
debug: Loading cache costs 1.694035530090332ms.
debug: Engine features shipped in editor: base,gfx-webgl,gfx-webgl2,3d,animation,skeletal-animation,2d,ui,particle,particle-2d,physics-framework,physics-2d-framework,intersection-2d,primitive,profiler,occlusion-query,geometry-renderer,debug-renderer,audio,video,terrain,webview,tween,tiled-map,spine,dragon-bones,marionette,custom-pipeline
debug: Our import map(foo:/bar): {
  "imports": {
    "cc": "cce:/internal/x/cc"
  }
}
debug: Initializing target [Preview]
debug: Loading cache
debug: Loading cache costs 1.4305267333984375ms.
debug: Our import map(foo:/bar): {
  "imports": {
    "cc": "cce:/internal/x/cc"
  }
}
debug: Sync engine features: 2d,animation,audio,base,dragon-bones,gfx-webgl,gfx-webgl2,intersection-2d,marionette,particle-2d,physics-2d-box2d,profiler,skeletal-animation,spine,tiled-map,tween,ui,video,webview
debug: Reset databases. Enumerated domains: [
  {
    "root": "db://internal/",
    "physical": "D:\\ProgramData\\cocos\\editors\\3.6.0\\resources\\resources\\3d\\engine\\editor\\assets"
  },
  {
    "root": "db://assets/",
    "physical": "F:\\creator\\project_3\\NewProject_36\\assets"
  }
]
debug: Our import map(foo:/bar): {
  "imports": {
    "cc": "cce:/internal/x/cc",
    "db://internal/": "file:///D:/ProgramData/cocos/editors/3.6.0/resources/resources/3d/engine/editor/assets/",
    "db://assets/": "file:///F:/creator/project_3/NewProject_36/assets/"
  }
}
debug: Our import map(foo:/bar): {
  "imports": {
    "cc": "cce:/internal/x/cc",
    "db://internal/": "file:///D:/ProgramData/cocos/editors/3.6.0/resources/resources/3d/engine/editor/assets/",
    "db://assets/": "file:///F:/creator/project_3/NewProject_36/assets/"
  }
}
debug: Pulling asset-db.
debug: Fetch asset-db cost: 5.812220573425293ms.
debug: Build iteration starts.
Number of accumulated asset changes: 8
Feature changed: false
debug: Target(editor) build started.
debug: Detected change: cce:/internal/x/cc. Last mtime: Thu Jan 01 1970 08:00:07 GMT+0800 (中国标准时间), Current mtime: Thu Jan 01 1970 08:00:07 GMT+0800 (中国标准时间)
debug: Inspect cce:/internal/x/cc
debug: Resolve cce:/internal/x/cc-fu/base from cce:/internal/x/cc as external dependency cce:/internal/x/cc-fu/base.
debug: Resolve cce:/internal/x/cc-fu/gfx-webgl from cce:/internal/x/cc as external dependency cce:/internal/x/cc-fu/gfx-webgl.
debug: Resolve cce:/internal/x/cc-fu/gfx-webgl2 from cce:/internal/x/cc as external dependency cce:/internal/x/cc-fu/gfx-webgl2.
debug: Resolve cce:/internal/x/cc-fu/3d from cce:/internal/x/cc as external dependency cce:/internal/x/cc-fu/3d.
debug: Resolve cce:/internal/x/cc-fu/animation from cce:/internal/x/cc as external dependency cce:/internal/x/cc-fu/animation.
debug: Resolve cce:/internal/x/cc-fu/skeletal-animation from cce:/internal/x/cc as external dependency cce:/internal/x/cc-fu/skeletal-animation.
debug: Resolve cce:/internal/x/cc-fu/2d from cce:/internal/x/cc as external dependency cce:/internal/x/cc-fu/2d.
debug: Resolve cce:/internal/x/cc-fu/ui from cce:/internal/x/cc as external dependency cce:/internal/x/cc-fu/ui.
debug: Resolve cce:/internal/x/cc-fu/particle from cce:/internal/x/cc as external dependency cce:/internal/x/cc-fu/particle.
debug: Resolve cce:/internal/x/cc-fu/particle-2d from cce:/internal/x/cc as external dependency cce:/internal/x/cc-fu/particle-2d.
debug: Resolve cce:/internal/x/cc-fu/physics-framework from cce:/internal/x/cc as external dependency cce:/internal/x/cc-fu/physics-framework.
debug: Resolve cce:/internal/x/cc-fu/physics-2d-framework from cce:/internal/x/cc as external dependency cce:/internal/x/cc-fu/physics-2d-framework.
debug: Resolve cce:/internal/x/cc-fu/intersection-2d from cce:/internal/x/cc as external dependency cce:/internal/x/cc-fu/intersection-2d.
debug: Resolve cce:/internal/x/cc-fu/primitive from cce:/internal/x/cc as external dependency cce:/internal/x/cc-fu/primitive.
debug: Resolve cce:/internal/x/cc-fu/profiler from cce:/internal/x/cc as external dependency cce:/internal/x/cc-fu/profiler.
debug: Resolve cce:/internal/x/cc-fu/geometry-renderer from cce:/internal/x/cc as external dependency cce:/internal/x/cc-fu/geometry-renderer.
debug: Resolve cce:/internal/x/cc-fu/audio from cce:/internal/x/cc as external dependency cce:/internal/x/cc-fu/audio.
debug: Resolve cce:/internal/x/cc-fu/video from cce:/internal/x/cc as external dependency cce:/internal/x/cc-fu/video.
debug: Resolve cce:/internal/x/cc-fu/terrain from cce:/internal/x/cc as external dependency cce:/internal/x/cc-fu/terrain.
debug: Resolve cce:/internal/x/cc-fu/webview from cce:/internal/x/cc as external dependency cce:/internal/x/cc-fu/webview.
debug: Resolve cce:/internal/x/cc-fu/tween from cce:/internal/x/cc as external dependency cce:/internal/x/cc-fu/tween.
debug: Resolve cce:/internal/x/cc-fu/tiled-map from cce:/internal/x/cc as external dependency cce:/internal/x/cc-fu/tiled-map.
debug: Resolve cce:/internal/x/cc-fu/spine from cce:/internal/x/cc as external dependency cce:/internal/x/cc-fu/spine.
debug: Resolve cce:/internal/x/cc-fu/dragon-bones from cce:/internal/x/cc as external dependency cce:/internal/x/cc-fu/dragon-bones.
debug: Resolve cce:/internal/x/cc-fu/custom-pipeline from cce:/internal/x/cc as external dependency cce:/internal/x/cc-fu/custom-pipeline.
debug: Detected change: cce:/internal/x/prerequisite-imports. Last mtime: Thu Jan 01 1970 08:45:04 GMT+0800 (中国标准时间), Current mtime: Thu Jan 01 1970 08:00:07 GMT+0800 (中国标准时间)
debug: Inspect cce:/internal/x/prerequisite-imports
debug: Resolve file:///F:/creator/project_3/NewProject_36/assets/script/ClassDictionary.ts from cce:/internal/x/prerequisite-imports as file:///F:/creator/project_3/NewProject_36/assets/script/ClassDictionary.ts.
debug: Resolve cce:/internal/code-quality/cr.mjs from file:///F:/creator/project_3/NewProject_36/assets/script/ClassDictionary.ts as cce:/internal/code-quality/cr.mjs.
debug: Detected change: cce:/internal/code-quality/cr.mjs. Last mtime: Sun Apr 23 2023 14:56:53 GMT+0800 (中国标准时间), Current mtime: Sun Apr 23 2023 17:57:28 GMT+0800 (中国标准时间)
debug: Inspect cce:/internal/code-quality/cr.mjs
debug: Resolve cc from file:///F:/creator/project_3/NewProject_36/assets/script/ClassDictionary.ts as cce:/internal/x/cc.
debug: Resolve ./../script/utils/ClassSon from file:///F:/creator/project_3/NewProject_36/assets/script/ClassDictionary.ts as file:///F:/creator/project_3/NewProject_36/assets/script/utils/ClassSon.ts.
debug: Resolve cce:/internal/code-quality/cr.mjs from file:///F:/creator/project_3/NewProject_36/assets/script/utils/ClassSon.ts as cce:/internal/code-quality/cr.mjs.
debug: Resolve cc from file:///F:/creator/project_3/NewProject_36/assets/script/utils/ClassSon.ts as cce:/internal/x/cc.
debug: Resolve cc from file:///F:/creator/project_3/NewProject_36/assets/script/utils/ClassSon.ts as cce:/internal/x/cc.
debug: Resolve ./ClassSuper from file:///F:/creator/project_3/NewProject_36/assets/script/utils/ClassSon.ts as file:///F:/creator/project_3/NewProject_36/assets/script/utils/ClassSuper.ts.
debug: Resolve cc from file:///F:/creator/project_3/NewProject_36/assets/script/utils/ClassSuper.ts as cce:/internal/x/cc.
debug: Resolve ./../script/utils/ClassSuper from file:///F:/creator/project_3/NewProject_36/assets/script/ClassDictionary.ts as file:///F:/creator/project_3/NewProject_36/assets/script/utils/ClassSuper.ts.
debug: Resolve ./../script/overwrite/EngineOverride from file:///F:/creator/project_3/NewProject_36/assets/script/ClassDictionary.ts as file:///F:/creator/project_3/NewProject_36/assets/script/overwrite/EngineOverride.ts.
debug: Resolve cc from file:///F:/creator/project_3/NewProject_36/assets/script/overwrite/EngineOverride.ts as cce:/internal/x/cc.
debug: Resolve cc from file:///F:/creator/project_3/NewProject_36/assets/script/overwrite/EngineOverride.ts as cce:/internal/x/cc.
debug: Resolve cc from file:///F:/creator/project_3/NewProject_36/assets/script/overwrite/EngineOverride.ts as cce:/internal/x/cc.
debug: Resolve ./../script/com/MainEntry from file:///F:/creator/project_3/NewProject_36/assets/script/ClassDictionary.ts as file:///F:/creator/project_3/NewProject_36/assets/script/com/MainEntry.ts.
debug: Resolve cce:/internal/code-quality/cr.mjs from file:///F:/creator/project_3/NewProject_36/assets/script/com/MainEntry.ts as cce:/internal/code-quality/cr.mjs.
debug: Resolve cc from file:///F:/creator/project_3/NewProject_36/assets/script/com/MainEntry.ts as cce:/internal/x/cc.
debug: Resolve cc from file:///F:/creator/project_3/NewProject_36/assets/script/com/MainEntry.ts as cce:/internal/x/cc.
debug: Resolve ../overwrite/EngineOverride from file:///F:/creator/project_3/NewProject_36/assets/script/com/MainEntry.ts as file:///F:/creator/project_3/NewProject_36/assets/script/overwrite/EngineOverride.ts.
debug: Resolve cc from file:///F:/creator/project_3/NewProject_36/assets/script/com/MainEntry.ts as cce:/internal/x/cc.
debug: Resolve ../utils/ClassSon from file:///F:/creator/project_3/NewProject_36/assets/script/com/MainEntry.ts as file:///F:/creator/project_3/NewProject_36/assets/script/utils/ClassSon.ts.
debug: Resolve ../utils/GlobalImport from file:///F:/creator/project_3/NewProject_36/assets/script/com/MainEntry.ts as file:///F:/creator/project_3/NewProject_36/assets/script/utils/GlobalImport.ts.
debug: Resolve cc from file:///F:/creator/project_3/NewProject_36/assets/script/utils/GlobalImport.ts as cce:/internal/x/cc.
debug: Resolve cc/env from file:///F:/creator/project_3/NewProject_36/assets/script/com/MainEntry.ts as external dependency cc/env.
debug: Resolve ./../script/utils/asyncAsset from file:///F:/creator/project_3/NewProject_36/assets/script/ClassDictionary.ts as file:///F:/creator/project_3/NewProject_36/assets/script/utils/asyncAsset.ts.
debug: Resolve cce:/internal/code-quality/cr.mjs from file:///F:/creator/project_3/NewProject_36/assets/script/utils/asyncAsset.ts as cce:/internal/code-quality/cr.mjs.
debug: Resolve cc from file:///F:/creator/project_3/NewProject_36/assets/script/utils/asyncAsset.ts as cce:/internal/x/cc.
debug: Resolve cc from file:///F:/creator/project_3/NewProject_36/assets/script/utils/asyncAsset.ts as cce:/internal/x/cc.
debug: Resolve cc from file:///F:/creator/project_3/NewProject_36/assets/script/utils/asyncAsset.ts as cce:/internal/x/cc.
debug: Resolve ../config/usingAssets from file:///F:/creator/project_3/NewProject_36/assets/script/utils/asyncAsset.ts as file:///F:/creator/project_3/NewProject_36/assets/script/config/usingAssets.ts.
debug: Resolve cc from file:///F:/creator/project_3/NewProject_36/assets/script/config/usingAssets.ts as cce:/internal/x/cc.
debug: Resolve cc from file:///F:/creator/project_3/NewProject_36/assets/script/config/usingAssets.ts as cce:/internal/x/cc.
debug: Resolve cc from file:///F:/creator/project_3/NewProject_36/assets/script/config/usingAssets.ts as cce:/internal/x/cc.
debug: Resolve file:///F:/creator/project_3/NewProject_36/assets/script/com/MainEntry.ts from cce:/internal/x/prerequisite-imports as file:///F:/creator/project_3/NewProject_36/assets/script/com/MainEntry.ts.
debug: Resolve file:///F:/creator/project_3/NewProject_36/assets/script/config/usingAssets.ts from cce:/internal/x/prerequisite-imports as file:///F:/creator/project_3/NewProject_36/assets/script/config/usingAssets.ts.
debug: Resolve file:///F:/creator/project_3/NewProject_36/assets/script/overwrite/EngineOverride.ts from cce:/internal/x/prerequisite-imports as file:///F:/creator/project_3/NewProject_36/assets/script/overwrite/EngineOverride.ts.
debug: Resolve file:///F:/creator/project_3/NewProject_36/assets/script/utils/ClassSon.ts from cce:/internal/x/prerequisite-imports as file:///F:/creator/project_3/NewProject_36/assets/script/utils/ClassSon.ts.
debug: Resolve file:///F:/creator/project_3/NewProject_36/assets/script/utils/ClassSuper.ts from cce:/internal/x/prerequisite-imports as file:///F:/creator/project_3/NewProject_36/assets/script/utils/ClassSuper.ts.
debug: Resolve file:///F:/creator/project_3/NewProject_36/assets/script/utils/GlobalImport.ts from cce:/internal/x/prerequisite-imports as file:///F:/creator/project_3/NewProject_36/assets/script/utils/GlobalImport.ts.
debug: Resolve file:///F:/creator/project_3/NewProject_36/assets/script/utils/asyncAsset.ts from cce:/internal/x/prerequisite-imports as file:///F:/creator/project_3/NewProject_36/assets/script/utils/asyncAsset.ts.
debug: Target(editor) ends with cost 126.59842014312744ms.
debug: Target(preview) build started.
debug: Detected change: cce:/internal/x/cc. Last mtime: Thu Jan 01 1970 08:00:07 GMT+0800 (中国标准时间), Current mtime: Thu Jan 01 1970 08:00:07 GMT+0800 (中国标准时间)
debug: Inspect cce:/internal/x/cc
debug: Resolve cce:/internal/x/cc-fu/2d from cce:/internal/x/cc as external dependency cce:/internal/x/cc-fu/2d.
debug: Resolve cce:/internal/x/cc-fu/animation from cce:/internal/x/cc as external dependency cce:/internal/x/cc-fu/animation.
debug: Resolve cce:/internal/x/cc-fu/audio from cce:/internal/x/cc as external dependency cce:/internal/x/cc-fu/audio.
debug: Resolve cce:/internal/x/cc-fu/base from cce:/internal/x/cc as external dependency cce:/internal/x/cc-fu/base.
debug: Resolve cce:/internal/x/cc-fu/dragon-bones from cce:/internal/x/cc as external dependency cce:/internal/x/cc-fu/dragon-bones.
debug: Resolve cce:/internal/x/cc-fu/gfx-webgl from cce:/internal/x/cc as external dependency cce:/internal/x/cc-fu/gfx-webgl.
debug: Resolve cce:/internal/x/cc-fu/gfx-webgl2 from cce:/internal/x/cc as external dependency cce:/internal/x/cc-fu/gfx-webgl2.
debug: Resolve cce:/internal/x/cc-fu/intersection-2d from cce:/internal/x/cc as external dependency cce:/internal/x/cc-fu/intersection-2d.
debug: Resolve cce:/internal/x/cc-fu/particle-2d from cce:/internal/x/cc as external dependency cce:/internal/x/cc-fu/particle-2d.
debug: Resolve cce:/internal/x/cc-fu/physics-2d-box2d from cce:/internal/x/cc as external dependency cce:/internal/x/cc-fu/physics-2d-box2d.
debug: Resolve cce:/internal/x/cc-fu/physics-2d-framework from cce:/internal/x/cc as external dependency cce:/internal/x/cc-fu/physics-2d-framework.
debug: Resolve cce:/internal/x/cc-fu/profiler from cce:/internal/x/cc as external dependency cce:/internal/x/cc-fu/profiler.
debug: Resolve cce:/internal/x/cc-fu/skeletal-animation from cce:/internal/x/cc as external dependency cce:/internal/x/cc-fu/skeletal-animation.
debug: Resolve cce:/internal/x/cc-fu/spine from cce:/internal/x/cc as external dependency cce:/internal/x/cc-fu/spine.
debug: Resolve cce:/internal/x/cc-fu/tiled-map from cce:/internal/x/cc as external dependency cce:/internal/x/cc-fu/tiled-map.
debug: Resolve cce:/internal/x/cc-fu/tween from cce:/internal/x/cc as external dependency cce:/internal/x/cc-fu/tween.
debug: Resolve cce:/internal/x/cc-fu/ui from cce:/internal/x/cc as external dependency cce:/internal/x/cc-fu/ui.
debug: Resolve cce:/internal/x/cc-fu/video from cce:/internal/x/cc as external dependency cce:/internal/x/cc-fu/video.
debug: Resolve cce:/internal/x/cc-fu/webview from cce:/internal/x/cc as external dependency cce:/internal/x/cc-fu/webview.
debug: Detected change: cce:/internal/x/prerequisite-imports. Last mtime: Thu Jan 01 1970 08:45:04 GMT+0800 (中国标准时间), Current mtime: Thu Jan 01 1970 08:00:07 GMT+0800 (中国标准时间)
debug: Inspect cce:/internal/x/prerequisite-imports
debug: Resolve file:///F:/creator/project_3/NewProject_36/assets/script/ClassDictionary.ts from cce:/internal/x/prerequisite-imports as file:///F:/creator/project_3/NewProject_36/assets/script/ClassDictionary.ts.
debug: Resolve cce:/internal/code-quality/cr.mjs from file:///F:/creator/project_3/NewProject_36/assets/script/ClassDictionary.ts as cce:/internal/code-quality/cr.mjs.
debug: Detected change: cce:/internal/code-quality/cr.mjs. Last mtime: Sun Apr 23 2023 14:56:53 GMT+0800 (中国标准时间), Current mtime: Sun Apr 23 2023 17:57:28 GMT+0800 (中国标准时间)
debug: Inspect cce:/internal/code-quality/cr.mjs
debug: Resolve cc from file:///F:/creator/project_3/NewProject_36/assets/script/ClassDictionary.ts as cce:/internal/x/cc.
debug: Resolve ./../script/utils/ClassSon from file:///F:/creator/project_3/NewProject_36/assets/script/ClassDictionary.ts as file:///F:/creator/project_3/NewProject_36/assets/script/utils/ClassSon.ts.
debug: Resolve cce:/internal/code-quality/cr.mjs from file:///F:/creator/project_3/NewProject_36/assets/script/utils/ClassSon.ts as cce:/internal/code-quality/cr.mjs.
debug: Resolve cc from file:///F:/creator/project_3/NewProject_36/assets/script/utils/ClassSon.ts as cce:/internal/x/cc.
debug: Resolve cc from file:///F:/creator/project_3/NewProject_36/assets/script/utils/ClassSon.ts as cce:/internal/x/cc.
debug: Resolve ./ClassSuper from file:///F:/creator/project_3/NewProject_36/assets/script/utils/ClassSon.ts as file:///F:/creator/project_3/NewProject_36/assets/script/utils/ClassSuper.ts.
debug: Resolve cc from file:///F:/creator/project_3/NewProject_36/assets/script/utils/ClassSuper.ts as cce:/internal/x/cc.
debug: Resolve ./../script/utils/ClassSuper from file:///F:/creator/project_3/NewProject_36/assets/script/ClassDictionary.ts as file:///F:/creator/project_3/NewProject_36/assets/script/utils/ClassSuper.ts.
debug: Resolve ./../script/overwrite/EngineOverride from file:///F:/creator/project_3/NewProject_36/assets/script/ClassDictionary.ts as file:///F:/creator/project_3/NewProject_36/assets/script/overwrite/EngineOverride.ts.
debug: Resolve cc from file:///F:/creator/project_3/NewProject_36/assets/script/overwrite/EngineOverride.ts as cce:/internal/x/cc.
debug: Resolve cc from file:///F:/creator/project_3/NewProject_36/assets/script/overwrite/EngineOverride.ts as cce:/internal/x/cc.
debug: Resolve cc from file:///F:/creator/project_3/NewProject_36/assets/script/overwrite/EngineOverride.ts as cce:/internal/x/cc.
debug: Resolve ./../script/com/MainEntry from file:///F:/creator/project_3/NewProject_36/assets/script/ClassDictionary.ts as file:///F:/creator/project_3/NewProject_36/assets/script/com/MainEntry.ts.
debug: Resolve cce:/internal/code-quality/cr.mjs from file:///F:/creator/project_3/NewProject_36/assets/script/com/MainEntry.ts as cce:/internal/code-quality/cr.mjs.
debug: Resolve cc from file:///F:/creator/project_3/NewProject_36/assets/script/com/MainEntry.ts as cce:/internal/x/cc.
debug: Resolve cc from file:///F:/creator/project_3/NewProject_36/assets/script/com/MainEntry.ts as cce:/internal/x/cc.
debug: Resolve ../overwrite/EngineOverride from file:///F:/creator/project_3/NewProject_36/assets/script/com/MainEntry.ts as file:///F:/creator/project_3/NewProject_36/assets/script/overwrite/EngineOverride.ts.
debug: Resolve cc from file:///F:/creator/project_3/NewProject_36/assets/script/com/MainEntry.ts as cce:/internal/x/cc.
debug: Resolve ../utils/ClassSon from file:///F:/creator/project_3/NewProject_36/assets/script/com/MainEntry.ts as file:///F:/creator/project_3/NewProject_36/assets/script/utils/ClassSon.ts.
debug: Resolve ../utils/GlobalImport from file:///F:/creator/project_3/NewProject_36/assets/script/com/MainEntry.ts as file:///F:/creator/project_3/NewProject_36/assets/script/utils/GlobalImport.ts.
debug: Resolve cc from file:///F:/creator/project_3/NewProject_36/assets/script/utils/GlobalImport.ts as cce:/internal/x/cc.
debug: Resolve cc/env from file:///F:/creator/project_3/NewProject_36/assets/script/com/MainEntry.ts as external dependency cc/env.
debug: Resolve ./../script/utils/asyncAsset from file:///F:/creator/project_3/NewProject_36/assets/script/ClassDictionary.ts as file:///F:/creator/project_3/NewProject_36/assets/script/utils/asyncAsset.ts.
debug: Resolve cce:/internal/code-quality/cr.mjs from file:///F:/creator/project_3/NewProject_36/assets/script/utils/asyncAsset.ts as cce:/internal/code-quality/cr.mjs.
debug: Resolve cc from file:///F:/creator/project_3/NewProject_36/assets/script/utils/asyncAsset.ts as cce:/internal/x/cc.
debug: Resolve cc from file:///F:/creator/project_3/NewProject_36/assets/script/utils/asyncAsset.ts as cce:/internal/x/cc.
debug: Resolve cc from file:///F:/creator/project_3/NewProject_36/assets/script/utils/asyncAsset.ts as cce:/internal/x/cc.
debug: Resolve ../config/usingAssets from file:///F:/creator/project_3/NewProject_36/assets/script/utils/asyncAsset.ts as file:///F:/creator/project_3/NewProject_36/assets/script/config/usingAssets.ts.
debug: Resolve cc from file:///F:/creator/project_3/NewProject_36/assets/script/config/usingAssets.ts as cce:/internal/x/cc.
debug: Resolve cc from file:///F:/creator/project_3/NewProject_36/assets/script/config/usingAssets.ts as cce:/internal/x/cc.
debug: Resolve cc from file:///F:/creator/project_3/NewProject_36/assets/script/config/usingAssets.ts as cce:/internal/x/cc.
debug: Resolve file:///F:/creator/project_3/NewProject_36/assets/script/com/MainEntry.ts from cce:/internal/x/prerequisite-imports as file:///F:/creator/project_3/NewProject_36/assets/script/com/MainEntry.ts.
debug: Resolve file:///F:/creator/project_3/NewProject_36/assets/script/config/usingAssets.ts from cce:/internal/x/prerequisite-imports as file:///F:/creator/project_3/NewProject_36/assets/script/config/usingAssets.ts.
debug: Resolve file:///F:/creator/project_3/NewProject_36/assets/script/overwrite/EngineOverride.ts from cce:/internal/x/prerequisite-imports as file:///F:/creator/project_3/NewProject_36/assets/script/overwrite/EngineOverride.ts.
debug: Resolve file:///F:/creator/project_3/NewProject_36/assets/script/utils/ClassSon.ts from cce:/internal/x/prerequisite-imports as file:///F:/creator/project_3/NewProject_36/assets/script/utils/ClassSon.ts.
debug: Resolve file:///F:/creator/project_3/NewProject_36/assets/script/utils/ClassSuper.ts from cce:/internal/x/prerequisite-imports as file:///F:/creator/project_3/NewProject_36/assets/script/utils/ClassSuper.ts.
debug: Resolve file:///F:/creator/project_3/NewProject_36/assets/script/utils/GlobalImport.ts from cce:/internal/x/prerequisite-imports as file:///F:/creator/project_3/NewProject_36/assets/script/utils/GlobalImport.ts.
debug: Resolve file:///F:/creator/project_3/NewProject_36/assets/script/utils/asyncAsset.ts from cce:/internal/x/prerequisite-imports as file:///F:/creator/project_3/NewProject_36/assets/script/utils/asyncAsset.ts.
debug: Target(preview) ends with cost 104.73876190185547ms.
debug: Pulling asset-db.
debug: Fetch asset-db cost: 16.091127395629883ms.
debug: Build iteration starts.
Number of accumulated asset changes: 8
Feature changed: false
debug: Target(editor) build started.
debug: Detected change: cce:/internal/x/prerequisite-imports. Last mtime: Thu Jan 01 1970 08:00:07 GMT+0800 (中国标准时间), Current mtime: Thu Jan 01 1970 08:00:08 GMT+0800 (中国标准时间)
debug: Inspect cce:/internal/x/prerequisite-imports
debug: Resolve file:///F:/creator/project_3/NewProject_36/assets/script/ClassDictionary.ts from cce:/internal/x/prerequisite-imports as file:///F:/creator/project_3/NewProject_36/assets/script/ClassDictionary.ts.
debug: Resolve file:///F:/creator/project_3/NewProject_36/assets/script/com/MainEntry.ts from cce:/internal/x/prerequisite-imports as file:///F:/creator/project_3/NewProject_36/assets/script/com/MainEntry.ts.
debug: Resolve file:///F:/creator/project_3/NewProject_36/assets/script/config/usingAssets.ts from cce:/internal/x/prerequisite-imports as file:///F:/creator/project_3/NewProject_36/assets/script/config/usingAssets.ts.
debug: Resolve file:///F:/creator/project_3/NewProject_36/assets/script/overwrite/EngineOverride.ts from cce:/internal/x/prerequisite-imports as file:///F:/creator/project_3/NewProject_36/assets/script/overwrite/EngineOverride.ts.
debug: Resolve file:///F:/creator/project_3/NewProject_36/assets/script/utils/ClassSon.ts from cce:/internal/x/prerequisite-imports as file:///F:/creator/project_3/NewProject_36/assets/script/utils/ClassSon.ts.
debug: Resolve file:///F:/creator/project_3/NewProject_36/assets/script/utils/ClassSuper.ts from cce:/internal/x/prerequisite-imports as file:///F:/creator/project_3/NewProject_36/assets/script/utils/ClassSuper.ts.
debug: Resolve file:///F:/creator/project_3/NewProject_36/assets/script/utils/GlobalImport.ts from cce:/internal/x/prerequisite-imports as file:///F:/creator/project_3/NewProject_36/assets/script/utils/GlobalImport.ts.
debug: Resolve file:///F:/creator/project_3/NewProject_36/assets/script/utils/asyncAsset.ts from cce:/internal/x/prerequisite-imports as file:///F:/creator/project_3/NewProject_36/assets/script/utils/asyncAsset.ts.
debug: Target(editor) ends with cost 35.218071937561035ms.
debug: Target(preview) build started.
debug: Detected change: cce:/internal/x/prerequisite-imports. Last mtime: Thu Jan 01 1970 08:00:07 GMT+0800 (中国标准时间), Current mtime: Thu Jan 01 1970 08:00:08 GMT+0800 (中国标准时间)
debug: Inspect cce:/internal/x/prerequisite-imports
debug: Resolve file:///F:/creator/project_3/NewProject_36/assets/script/ClassDictionary.ts from cce:/internal/x/prerequisite-imports as file:///F:/creator/project_3/NewProject_36/assets/script/ClassDictionary.ts.
debug: Resolve file:///F:/creator/project_3/NewProject_36/assets/script/com/MainEntry.ts from cce:/internal/x/prerequisite-imports as file:///F:/creator/project_3/NewProject_36/assets/script/com/MainEntry.ts.
debug: Resolve file:///F:/creator/project_3/NewProject_36/assets/script/config/usingAssets.ts from cce:/internal/x/prerequisite-imports as file:///F:/creator/project_3/NewProject_36/assets/script/config/usingAssets.ts.
debug: Resolve file:///F:/creator/project_3/NewProject_36/assets/script/overwrite/EngineOverride.ts from cce:/internal/x/prerequisite-imports as file:///F:/creator/project_3/NewProject_36/assets/script/overwrite/EngineOverride.ts.
debug: Resolve file:///F:/creator/project_3/NewProject_36/assets/script/utils/ClassSon.ts from cce:/internal/x/prerequisite-imports as file:///F:/creator/project_3/NewProject_36/assets/script/utils/ClassSon.ts.
debug: Resolve file:///F:/creator/project_3/NewProject_36/assets/script/utils/ClassSuper.ts from cce:/internal/x/prerequisite-imports as file:///F:/creator/project_3/NewProject_36/assets/script/utils/ClassSuper.ts.
debug: Resolve file:///F:/creator/project_3/NewProject_36/assets/script/utils/GlobalImport.ts from cce:/internal/x/prerequisite-imports as file:///F:/creator/project_3/NewProject_36/assets/script/utils/GlobalImport.ts.
debug: Resolve file:///F:/creator/project_3/NewProject_36/assets/script/utils/asyncAsset.ts from cce:/internal/x/prerequisite-imports as file:///F:/creator/project_3/NewProject_36/assets/script/utils/asyncAsset.ts.
debug: Target(preview) ends with cost 34.77843475341797ms.
debug: Dispatch build request for time accumulated 1 asset changes.
debug: Build iteration starts.
Number of accumulated asset changes: 1
Feature changed: false
debug: Target(editor) build started.
debug: Detected change: cce:/internal/x/prerequisite-imports. Last mtime: Thu Jan 01 1970 08:00:08 GMT+0800 (中国标准时间), Current mtime: Thu Jan 01 1970 08:03:12 GMT+0800 (中国标准时间)
debug: Inspect cce:/internal/x/prerequisite-imports
debug: Resolve file:///F:/creator/project_3/NewProject_36/assets/script/ClassDictionary.ts from cce:/internal/x/prerequisite-imports as file:///F:/creator/project_3/NewProject_36/assets/script/ClassDictionary.ts.
debug: Detected change: file:///F:/creator/project_3/NewProject_36/assets/script/com/MainEntry.ts. Last mtime: Sun Apr 23 2023 15:39:47 GMT+0800 (中国标准时间)@6ed06b80-76ca-49b0-aebe-dfa781633962, Current mtime: Sun Apr 23 2023 18:00:38 GMT+0800 (中国标准时间)@6ed06b80-76ca-49b0-aebe-dfa781633962
debug: Inspect file:///F:/creator/project_3/NewProject_36/assets/script/com/MainEntry.ts
debug: Dispatch build request for time accumulated 2 asset changes.
debug: Resolve cce:/internal/code-quality/cr.mjs from file:///F:/creator/project_3/NewProject_36/assets/script/com/MainEntry.ts as cce:/internal/code-quality/cr.mjs.
debug: Resolve cc from file:///F:/creator/project_3/NewProject_36/assets/script/com/MainEntry.ts as cce:/internal/x/cc.
debug: Resolve cc from file:///F:/creator/project_3/NewProject_36/assets/script/com/MainEntry.ts as cce:/internal/x/cc.
debug: Resolve ../overwrite/EngineOverride from file:///F:/creator/project_3/NewProject_36/assets/script/com/MainEntry.ts as file:///F:/creator/project_3/NewProject_36/assets/script/overwrite/EngineOverride.ts.
debug: Resolve cc from file:///F:/creator/project_3/NewProject_36/assets/script/com/MainEntry.ts as cce:/internal/x/cc.
debug: Resolve ../utils/ClassSon from file:///F:/creator/project_3/NewProject_36/assets/script/com/MainEntry.ts as file:///F:/creator/project_3/NewProject_36/assets/script/utils/ClassSon.ts.
debug: Resolve ../utils/GlobalImport from file:///F:/creator/project_3/NewProject_36/assets/script/com/MainEntry.ts as file:///F:/creator/project_3/NewProject_36/assets/script/utils/GlobalImport.ts.
debug: Resolve cc/env from file:///F:/creator/project_3/NewProject_36/assets/script/com/MainEntry.ts as external dependency cc/env.
debug: Resolve ../utils/asyncAsset from file:///F:/creator/project_3/NewProject_36/assets/script/com/MainEntry.ts as file:///F:/creator/project_3/NewProject_36/assets/script/utils/asyncAsset.ts.
debug: Detected change: file:///F:/creator/project_3/NewProject_36/assets/script/utils/asyncAsset.ts. Last mtime: Sun Apr 23 2023 15:31:23 GMT+0800 (中国标准时间)@27ad81e9-db69-4d36-9093-7df04639ce95, Current mtime: Sun Apr 23 2023 17:59:00 GMT+0800 (中国标准时间)@27ad81e9-db69-4d36-9093-7df04639ce95
debug: Inspect file:///F:/creator/project_3/NewProject_36/assets/script/utils/asyncAsset.ts
debug: Resolve cce:/internal/code-quality/cr.mjs from file:///F:/creator/project_3/NewProject_36/assets/script/utils/asyncAsset.ts as cce:/internal/code-quality/cr.mjs.
debug: Resolve cc from file:///F:/creator/project_3/NewProject_36/assets/script/utils/asyncAsset.ts as cce:/internal/x/cc.
debug: Resolve cc from file:///F:/creator/project_3/NewProject_36/assets/script/utils/asyncAsset.ts as cce:/internal/x/cc.
debug: Resolve cc from file:///F:/creator/project_3/NewProject_36/assets/script/utils/asyncAsset.ts as cce:/internal/x/cc.
debug: Resolve ../config/usingAssets from file:///F:/creator/project_3/NewProject_36/assets/script/utils/asyncAsset.ts as file:///F:/creator/project_3/NewProject_36/assets/script/config/usingAssets.ts.
debug: Detected change: file:///F:/creator/project_3/NewProject_36/assets/script/config/usingAssets.ts. Last mtime: Sun Apr 23 2023 10:56:04 GMT+0800 (中国标准时间)@1be8cfa4-6f46-47ec-bb33-b1abf794eb20, Current mtime: Sun Apr 23 2023 18:00:16 GMT+0800 (中国标准时间)@1be8cfa4-6f46-47ec-bb33-b1abf794eb20
debug: Inspect file:///F:/creator/project_3/NewProject_36/assets/script/config/usingAssets.ts
debug: Resolve cc from file:///F:/creator/project_3/NewProject_36/assets/script/config/usingAssets.ts as cce:/internal/x/cc.
debug: Resolve cc from file:///F:/creator/project_3/NewProject_36/assets/script/config/usingAssets.ts as cce:/internal/x/cc.
debug: Resolve cc from file:///F:/creator/project_3/NewProject_36/assets/script/config/usingAssets.ts as cce:/internal/x/cc.
debug: Resolve ../config/usingAssets from file:///F:/creator/project_3/NewProject_36/assets/script/com/MainEntry.ts as file:///F:/creator/project_3/NewProject_36/assets/script/config/usingAssets.ts.
debug: Resolve file:///F:/creator/project_3/NewProject_36/assets/script/com/MainEntry.ts from cce:/internal/x/prerequisite-imports as file:///F:/creator/project_3/NewProject_36/assets/script/com/MainEntry.ts.
debug: Resolve file:///F:/creator/project_3/NewProject_36/assets/script/config/usingAssets.ts from cce:/internal/x/prerequisite-imports as file:///F:/creator/project_3/NewProject_36/assets/script/config/usingAssets.ts.
debug: Resolve file:///F:/creator/project_3/NewProject_36/assets/script/overwrite/EngineOverride.ts from cce:/internal/x/prerequisite-imports as file:///F:/creator/project_3/NewProject_36/assets/script/overwrite/EngineOverride.ts.
debug: Resolve file:///F:/creator/project_3/NewProject_36/assets/script/utils/ClassSon.ts from cce:/internal/x/prerequisite-imports as file:///F:/creator/project_3/NewProject_36/assets/script/utils/ClassSon.ts.
debug: Resolve file:///F:/creator/project_3/NewProject_36/assets/script/utils/ClassSuper.ts from cce:/internal/x/prerequisite-imports as file:///F:/creator/project_3/NewProject_36/assets/script/utils/ClassSuper.ts.
debug: Resolve file:///F:/creator/project_3/NewProject_36/assets/script/utils/GlobalImport.ts from cce:/internal/x/prerequisite-imports as file:///F:/creator/project_3/NewProject_36/assets/script/utils/GlobalImport.ts.
debug: Resolve file:///F:/creator/project_3/NewProject_36/assets/script/utils/asyncAsset.ts from cce:/internal/x/prerequisite-imports as file:///F:/creator/project_3/NewProject_36/assets/script/utils/asyncAsset.ts.
debug: Target(editor) ends with cost 462.6050748825073ms.
debug: Target(preview) build started.
debug: Detected change: cce:/internal/x/prerequisite-imports. Last mtime: Thu Jan 01 1970 08:00:08 GMT+0800 (中国标准时间), Current mtime: Thu Jan 01 1970 08:03:13 GMT+0800 (中国标准时间)
debug: Inspect cce:/internal/x/prerequisite-imports
debug: Resolve file:///F:/creator/project_3/NewProject_36/assets/script/ClassDictionary.ts from cce:/internal/x/prerequisite-imports as file:///F:/creator/project_3/NewProject_36/assets/script/ClassDictionary.ts.
debug: Detected change: file:///F:/creator/project_3/NewProject_36/assets/script/com/MainEntry.ts. Last mtime: Sun Apr 23 2023 15:39:47 GMT+0800 (中国标准时间)@6ed06b80-76ca-49b0-aebe-dfa781633962, Current mtime: Sun Apr 23 2023 18:00:38 GMT+0800 (中国标准时间)@6ed06b80-76ca-49b0-aebe-dfa781633962
debug: Inspect file:///F:/creator/project_3/NewProject_36/assets/script/com/MainEntry.ts
debug: Resolve cce:/internal/code-quality/cr.mjs from file:///F:/creator/project_3/NewProject_36/assets/script/com/MainEntry.ts as cce:/internal/code-quality/cr.mjs.
debug: Resolve cc from file:///F:/creator/project_3/NewProject_36/assets/script/com/MainEntry.ts as cce:/internal/x/cc.
debug: Resolve cc from file:///F:/creator/project_3/NewProject_36/assets/script/com/MainEntry.ts as cce:/internal/x/cc.
debug: Resolve ../overwrite/EngineOverride from file:///F:/creator/project_3/NewProject_36/assets/script/com/MainEntry.ts as file:///F:/creator/project_3/NewProject_36/assets/script/overwrite/EngineOverride.ts.
debug: Resolve cc from file:///F:/creator/project_3/NewProject_36/assets/script/com/MainEntry.ts as cce:/internal/x/cc.
debug: Resolve ../utils/ClassSon from file:///F:/creator/project_3/NewProject_36/assets/script/com/MainEntry.ts as file:///F:/creator/project_3/NewProject_36/assets/script/utils/ClassSon.ts.
debug: Resolve ../utils/GlobalImport from file:///F:/creator/project_3/NewProject_36/assets/script/com/MainEntry.ts as file:///F:/creator/project_3/NewProject_36/assets/script/utils/GlobalImport.ts.
debug: Resolve cc/env from file:///F:/creator/project_3/NewProject_36/assets/script/com/MainEntry.ts as external dependency cc/env.
debug: Resolve ../utils/asyncAsset from file:///F:/creator/project_3/NewProject_36/assets/script/com/MainEntry.ts as file:///F:/creator/project_3/NewProject_36/assets/script/utils/asyncAsset.ts.
debug: Detected change: file:///F:/creator/project_3/NewProject_36/assets/script/utils/asyncAsset.ts. Last mtime: Sun Apr 23 2023 15:31:23 GMT+0800 (中国标准时间)@27ad81e9-db69-4d36-9093-7df04639ce95, Current mtime: Sun Apr 23 2023 17:59:00 GMT+0800 (中国标准时间)@27ad81e9-db69-4d36-9093-7df04639ce95
debug: Inspect file:///F:/creator/project_3/NewProject_36/assets/script/utils/asyncAsset.ts
debug: Resolve cce:/internal/code-quality/cr.mjs from file:///F:/creator/project_3/NewProject_36/assets/script/utils/asyncAsset.ts as cce:/internal/code-quality/cr.mjs.
debug: Resolve cc from file:///F:/creator/project_3/NewProject_36/assets/script/utils/asyncAsset.ts as cce:/internal/x/cc.
debug: Resolve cc from file:///F:/creator/project_3/NewProject_36/assets/script/utils/asyncAsset.ts as cce:/internal/x/cc.
debug: Resolve cc from file:///F:/creator/project_3/NewProject_36/assets/script/utils/asyncAsset.ts as cce:/internal/x/cc.
debug: Resolve ../config/usingAssets from file:///F:/creator/project_3/NewProject_36/assets/script/utils/asyncAsset.ts as file:///F:/creator/project_3/NewProject_36/assets/script/config/usingAssets.ts.
debug: Detected change: file:///F:/creator/project_3/NewProject_36/assets/script/config/usingAssets.ts. Last mtime: Sun Apr 23 2023 10:56:04 GMT+0800 (中国标准时间)@1be8cfa4-6f46-47ec-bb33-b1abf794eb20, Current mtime: Sun Apr 23 2023 18:00:16 GMT+0800 (中国标准时间)@1be8cfa4-6f46-47ec-bb33-b1abf794eb20
debug: Inspect file:///F:/creator/project_3/NewProject_36/assets/script/config/usingAssets.ts
debug: Resolve cc from file:///F:/creator/project_3/NewProject_36/assets/script/config/usingAssets.ts as cce:/internal/x/cc.
debug: Resolve cc from file:///F:/creator/project_3/NewProject_36/assets/script/config/usingAssets.ts as cce:/internal/x/cc.
debug: Resolve cc from file:///F:/creator/project_3/NewProject_36/assets/script/config/usingAssets.ts as cce:/internal/x/cc.
debug: Resolve ../config/usingAssets from file:///F:/creator/project_3/NewProject_36/assets/script/com/MainEntry.ts as file:///F:/creator/project_3/NewProject_36/assets/script/config/usingAssets.ts.
debug: Resolve file:///F:/creator/project_3/NewProject_36/assets/script/com/MainEntry.ts from cce:/internal/x/prerequisite-imports as file:///F:/creator/project_3/NewProject_36/assets/script/com/MainEntry.ts.
debug: Resolve file:///F:/creator/project_3/NewProject_36/assets/script/config/usingAssets.ts from cce:/internal/x/prerequisite-imports as file:///F:/creator/project_3/NewProject_36/assets/script/config/usingAssets.ts.
debug: Resolve file:///F:/creator/project_3/NewProject_36/assets/script/overwrite/EngineOverride.ts from cce:/internal/x/prerequisite-imports as file:///F:/creator/project_3/NewProject_36/assets/script/overwrite/EngineOverride.ts.
debug: Resolve file:///F:/creator/project_3/NewProject_36/assets/script/utils/ClassSon.ts from cce:/internal/x/prerequisite-imports as file:///F:/creator/project_3/NewProject_36/assets/script/utils/ClassSon.ts.
debug: Resolve file:///F:/creator/project_3/NewProject_36/assets/script/utils/ClassSuper.ts from cce:/internal/x/prerequisite-imports as file:///F:/creator/project_3/NewProject_36/assets/script/utils/ClassSuper.ts.
debug: Resolve file:///F:/creator/project_3/NewProject_36/assets/script/utils/GlobalImport.ts from cce:/internal/x/prerequisite-imports as file:///F:/creator/project_3/NewProject_36/assets/script/utils/GlobalImport.ts.
debug: Resolve file:///F:/creator/project_3/NewProject_36/assets/script/utils/asyncAsset.ts from cce:/internal/x/prerequisite-imports as file:///F:/creator/project_3/NewProject_36/assets/script/utils/asyncAsset.ts.
debug: Target(preview) ends with cost 619.2920141220093ms.
debug: Build iteration starts.
Number of accumulated asset changes: 2
Feature changed: false
debug: Target(editor) build started.
debug: Detected change: cce:/internal/x/prerequisite-imports. Last mtime: Thu Jan 01 1970 08:03:12 GMT+0800 (中国标准时间), Current mtime: Thu Jan 01 1970 08:03:13 GMT+0800 (中国标准时间)
debug: Inspect cce:/internal/x/prerequisite-imports
debug: Resolve file:///F:/creator/project_3/NewProject_36/assets/script/ClassDictionary.ts from cce:/internal/x/prerequisite-imports as file:///F:/creator/project_3/NewProject_36/assets/script/ClassDictionary.ts.
debug: Resolve file:///F:/creator/project_3/NewProject_36/assets/script/com/MainEntry.ts from cce:/internal/x/prerequisite-imports as file:///F:/creator/project_3/NewProject_36/assets/script/com/MainEntry.ts.
debug: Resolve file:///F:/creator/project_3/NewProject_36/assets/script/config/usingAssets.ts from cce:/internal/x/prerequisite-imports as file:///F:/creator/project_3/NewProject_36/assets/script/config/usingAssets.ts.
debug: Resolve file:///F:/creator/project_3/NewProject_36/assets/script/overwrite/EngineOverride.ts from cce:/internal/x/prerequisite-imports as file:///F:/creator/project_3/NewProject_36/assets/script/overwrite/EngineOverride.ts.
debug: Resolve file:///F:/creator/project_3/NewProject_36/assets/script/utils/ClassSon.ts from cce:/internal/x/prerequisite-imports as file:///F:/creator/project_3/NewProject_36/assets/script/utils/ClassSon.ts.
debug: Resolve file:///F:/creator/project_3/NewProject_36/assets/script/utils/ClassSuper.ts from cce:/internal/x/prerequisite-imports as file:///F:/creator/project_3/NewProject_36/assets/script/utils/ClassSuper.ts.
debug: Resolve file:///F:/creator/project_3/NewProject_36/assets/script/utils/GlobalImport.ts from cce:/internal/x/prerequisite-imports as file:///F:/creator/project_3/NewProject_36/assets/script/utils/GlobalImport.ts.
debug: Resolve file:///F:/creator/project_3/NewProject_36/assets/script/utils/asyncAsset.ts from cce:/internal/x/prerequisite-imports as file:///F:/creator/project_3/NewProject_36/assets/script/utils/asyncAsset.ts.
debug: Target(editor) ends with cost 36.10041904449463ms.
debug: Target(preview) build started.
debug: Detected change: cce:/internal/x/prerequisite-imports. Last mtime: Thu Jan 01 1970 08:03:13 GMT+0800 (中国标准时间), Current mtime: Thu Jan 01 1970 08:03:13 GMT+0800 (中国标准时间)
debug: Inspect cce:/internal/x/prerequisite-imports
debug: Resolve file:///F:/creator/project_3/NewProject_36/assets/script/ClassDictionary.ts from cce:/internal/x/prerequisite-imports as file:///F:/creator/project_3/NewProject_36/assets/script/ClassDictionary.ts.
debug: Resolve file:///F:/creator/project_3/NewProject_36/assets/script/com/MainEntry.ts from cce:/internal/x/prerequisite-imports as file:///F:/creator/project_3/NewProject_36/assets/script/com/MainEntry.ts.
debug: Resolve file:///F:/creator/project_3/NewProject_36/assets/script/config/usingAssets.ts from cce:/internal/x/prerequisite-imports as file:///F:/creator/project_3/NewProject_36/assets/script/config/usingAssets.ts.
debug: Resolve file:///F:/creator/project_3/NewProject_36/assets/script/overwrite/EngineOverride.ts from cce:/internal/x/prerequisite-imports as file:///F:/creator/project_3/NewProject_36/assets/script/overwrite/EngineOverride.ts.
debug: Resolve file:///F:/creator/project_3/NewProject_36/assets/script/utils/ClassSon.ts from cce:/internal/x/prerequisite-imports as file:///F:/creator/project_3/NewProject_36/assets/script/utils/ClassSon.ts.
debug: Resolve file:///F:/creator/project_3/NewProject_36/assets/script/utils/ClassSuper.ts from cce:/internal/x/prerequisite-imports as file:///F:/creator/project_3/NewProject_36/assets/script/utils/ClassSuper.ts.
debug: Resolve file:///F:/creator/project_3/NewProject_36/assets/script/utils/GlobalImport.ts from cce:/internal/x/prerequisite-imports as file:///F:/creator/project_3/NewProject_36/assets/script/utils/GlobalImport.ts.
debug: Resolve file:///F:/creator/project_3/NewProject_36/assets/script/utils/asyncAsset.ts from cce:/internal/x/prerequisite-imports as file:///F:/creator/project_3/NewProject_36/assets/script/utils/asyncAsset.ts.
debug: Target(preview) ends with cost 94.19156837463379ms.
debug: Dispatch build request for time accumulated 1 asset changes.
debug: Build iteration starts.
Number of accumulated asset changes: 1
Feature changed: false
debug: Target(editor) build started.
debug: Detected change: cce:/internal/x/prerequisite-imports. Last mtime: Thu Jan 01 1970 08:03:13 GMT+0800 (中国标准时间), Current mtime: Thu Jan 01 1970 08:03:45 GMT+0800 (中国标准时间)
debug: Inspect cce:/internal/x/prerequisite-imports
debug: Resolve file:///F:/creator/project_3/NewProject_36/assets/script/ClassDictionary.ts from cce:/internal/x/prerequisite-imports as file:///F:/creator/project_3/NewProject_36/assets/script/ClassDictionary.ts.
debug: Detected change: file:///F:/creator/project_3/NewProject_36/assets/script/com/MainEntry.ts. Last mtime: Sun Apr 23 2023 18:00:38 GMT+0800 (中国标准时间)@6ed06b80-76ca-49b0-aebe-dfa781633962, Current mtime: Sun Apr 23 2023 18:01:13 GMT+0800 (中国标准时间)@6ed06b80-76ca-49b0-aebe-dfa781633962
debug: Inspect file:///F:/creator/project_3/NewProject_36/assets/script/com/MainEntry.ts
debug: Resolve cce:/internal/code-quality/cr.mjs from file:///F:/creator/project_3/NewProject_36/assets/script/com/MainEntry.ts as cce:/internal/code-quality/cr.mjs.
debug: Resolve cc from file:///F:/creator/project_3/NewProject_36/assets/script/com/MainEntry.ts as cce:/internal/x/cc.
debug: Resolve cc from file:///F:/creator/project_3/NewProject_36/assets/script/com/MainEntry.ts as cce:/internal/x/cc.
debug: Resolve ../overwrite/EngineOverride from file:///F:/creator/project_3/NewProject_36/assets/script/com/MainEntry.ts as file:///F:/creator/project_3/NewProject_36/assets/script/overwrite/EngineOverride.ts.
debug: Resolve cc from file:///F:/creator/project_3/NewProject_36/assets/script/com/MainEntry.ts as cce:/internal/x/cc.
debug: Resolve ../utils/ClassSon from file:///F:/creator/project_3/NewProject_36/assets/script/com/MainEntry.ts as file:///F:/creator/project_3/NewProject_36/assets/script/utils/ClassSon.ts.
debug: Resolve ../utils/GlobalImport from file:///F:/creator/project_3/NewProject_36/assets/script/com/MainEntry.ts as file:///F:/creator/project_3/NewProject_36/assets/script/utils/GlobalImport.ts.
debug: Resolve cc/env from file:///F:/creator/project_3/NewProject_36/assets/script/com/MainEntry.ts as external dependency cc/env.
debug: Resolve ../utils/asyncAsset from file:///F:/creator/project_3/NewProject_36/assets/script/com/MainEntry.ts as file:///F:/creator/project_3/NewProject_36/assets/script/utils/asyncAsset.ts.
debug: Resolve ../config/usingAssets from file:///F:/creator/project_3/NewProject_36/assets/script/com/MainEntry.ts as file:///F:/creator/project_3/NewProject_36/assets/script/config/usingAssets.ts.
debug: Resolve file:///F:/creator/project_3/NewProject_36/assets/script/com/MainEntry.ts from cce:/internal/x/prerequisite-imports as file:///F:/creator/project_3/NewProject_36/assets/script/com/MainEntry.ts.
debug: Resolve file:///F:/creator/project_3/NewProject_36/assets/script/config/usingAssets.ts from cce:/internal/x/prerequisite-imports as file:///F:/creator/project_3/NewProject_36/assets/script/config/usingAssets.ts.
debug: Resolve file:///F:/creator/project_3/NewProject_36/assets/script/overwrite/EngineOverride.ts from cce:/internal/x/prerequisite-imports as file:///F:/creator/project_3/NewProject_36/assets/script/overwrite/EngineOverride.ts.
debug: Resolve file:///F:/creator/project_3/NewProject_36/assets/script/utils/ClassSon.ts from cce:/internal/x/prerequisite-imports as file:///F:/creator/project_3/NewProject_36/assets/script/utils/ClassSon.ts.
debug: Resolve file:///F:/creator/project_3/NewProject_36/assets/script/utils/ClassSuper.ts from cce:/internal/x/prerequisite-imports as file:///F:/creator/project_3/NewProject_36/assets/script/utils/ClassSuper.ts.
debug: Resolve file:///F:/creator/project_3/NewProject_36/assets/script/utils/GlobalImport.ts from cce:/internal/x/prerequisite-imports as file:///F:/creator/project_3/NewProject_36/assets/script/utils/GlobalImport.ts.
debug: Resolve file:///F:/creator/project_3/NewProject_36/assets/script/utils/asyncAsset.ts from cce:/internal/x/prerequisite-imports as file:///F:/creator/project_3/NewProject_36/assets/script/utils/asyncAsset.ts.
debug: Target(editor) ends with cost 116.62193584442139ms.
debug: Target(preview) build started.
debug: Detected change: cce:/internal/x/prerequisite-imports. Last mtime: Thu Jan 01 1970 08:03:13 GMT+0800 (中国标准时间), Current mtime: Thu Jan 01 1970 08:03:45 GMT+0800 (中国标准时间)
debug: Inspect cce:/internal/x/prerequisite-imports
debug: Resolve file:///F:/creator/project_3/NewProject_36/assets/script/ClassDictionary.ts from cce:/internal/x/prerequisite-imports as file:///F:/creator/project_3/NewProject_36/assets/script/ClassDictionary.ts.
debug: Detected change: file:///F:/creator/project_3/NewProject_36/assets/script/com/MainEntry.ts. Last mtime: Sun Apr 23 2023 18:00:38 GMT+0800 (中国标准时间)@6ed06b80-76ca-49b0-aebe-dfa781633962, Current mtime: Sun Apr 23 2023 18:01:13 GMT+0800 (中国标准时间)@6ed06b80-76ca-49b0-aebe-dfa781633962
debug: Inspect file:///F:/creator/project_3/NewProject_36/assets/script/com/MainEntry.ts
debug: Resolve cce:/internal/code-quality/cr.mjs from file:///F:/creator/project_3/NewProject_36/assets/script/com/MainEntry.ts as cce:/internal/code-quality/cr.mjs.
debug: Resolve cc from file:///F:/creator/project_3/NewProject_36/assets/script/com/MainEntry.ts as cce:/internal/x/cc.
debug: Resolve cc from file:///F:/creator/project_3/NewProject_36/assets/script/com/MainEntry.ts as cce:/internal/x/cc.
debug: Resolve ../overwrite/EngineOverride from file:///F:/creator/project_3/NewProject_36/assets/script/com/MainEntry.ts as file:///F:/creator/project_3/NewProject_36/assets/script/overwrite/EngineOverride.ts.
debug: Resolve cc from file:///F:/creator/project_3/NewProject_36/assets/script/com/MainEntry.ts as cce:/internal/x/cc.
debug: Resolve ../utils/ClassSon from file:///F:/creator/project_3/NewProject_36/assets/script/com/MainEntry.ts as file:///F:/creator/project_3/NewProject_36/assets/script/utils/ClassSon.ts.
debug: Resolve ../utils/GlobalImport from file:///F:/creator/project_3/NewProject_36/assets/script/com/MainEntry.ts as file:///F:/creator/project_3/NewProject_36/assets/script/utils/GlobalImport.ts.
debug: Resolve cc/env from file:///F:/creator/project_3/NewProject_36/assets/script/com/MainEntry.ts as external dependency cc/env.
debug: Resolve ../utils/asyncAsset from file:///F:/creator/project_3/NewProject_36/assets/script/com/MainEntry.ts as file:///F:/creator/project_3/NewProject_36/assets/script/utils/asyncAsset.ts.
debug: Resolve ../config/usingAssets from file:///F:/creator/project_3/NewProject_36/assets/script/com/MainEntry.ts as file:///F:/creator/project_3/NewProject_36/assets/script/config/usingAssets.ts.
debug: Resolve file:///F:/creator/project_3/NewProject_36/assets/script/com/MainEntry.ts from cce:/internal/x/prerequisite-imports as file:///F:/creator/project_3/NewProject_36/assets/script/com/MainEntry.ts.
debug: Resolve file:///F:/creator/project_3/NewProject_36/assets/script/config/usingAssets.ts from cce:/internal/x/prerequisite-imports as file:///F:/creator/project_3/NewProject_36/assets/script/config/usingAssets.ts.
debug: Resolve file:///F:/creator/project_3/NewProject_36/assets/script/overwrite/EngineOverride.ts from cce:/internal/x/prerequisite-imports as file:///F:/creator/project_3/NewProject_36/assets/script/overwrite/EngineOverride.ts.
debug: Resolve file:///F:/creator/project_3/NewProject_36/assets/script/utils/ClassSon.ts from cce:/internal/x/prerequisite-imports as file:///F:/creator/project_3/NewProject_36/assets/script/utils/ClassSon.ts.
debug: Resolve file:///F:/creator/project_3/NewProject_36/assets/script/utils/ClassSuper.ts from cce:/internal/x/prerequisite-imports as file:///F:/creator/project_3/NewProject_36/assets/script/utils/ClassSuper.ts.
debug: Resolve file:///F:/creator/project_3/NewProject_36/assets/script/utils/GlobalImport.ts from cce:/internal/x/prerequisite-imports as file:///F:/creator/project_3/NewProject_36/assets/script/utils/GlobalImport.ts.
debug: Resolve file:///F:/creator/project_3/NewProject_36/assets/script/utils/asyncAsset.ts from cce:/internal/x/prerequisite-imports as file:///F:/creator/project_3/NewProject_36/assets/script/utils/asyncAsset.ts.
debug: Target(preview) ends with cost 141.6348295211792ms.
debug: Dispatch build request for time accumulated 1 asset changes.
debug: Build iteration starts.
Number of accumulated asset changes: 1
Feature changed: false
debug: Target(editor) build started.
debug: Detected change: cce:/internal/x/prerequisite-imports. Last mtime: Thu Jan 01 1970 08:03:45 GMT+0800 (中国标准时间), Current mtime: Thu Jan 01 1970 08:03:57 GMT+0800 (中国标准时间)
debug: Inspect cce:/internal/x/prerequisite-imports
debug: Resolve file:///F:/creator/project_3/NewProject_36/assets/script/ClassDictionary.ts from cce:/internal/x/prerequisite-imports as file:///F:/creator/project_3/NewProject_36/assets/script/ClassDictionary.ts.
debug: Detected change: file:///F:/creator/project_3/NewProject_36/assets/script/com/MainEntry.ts. Last mtime: Sun Apr 23 2023 18:01:13 GMT+0800 (中国标准时间)@6ed06b80-76ca-49b0-aebe-dfa781633962, Current mtime: Sun Apr 23 2023 18:01:24 GMT+0800 (中国标准时间)@6ed06b80-76ca-49b0-aebe-dfa781633962
debug: Inspect file:///F:/creator/project_3/NewProject_36/assets/script/com/MainEntry.ts
debug: Resolve cce:/internal/code-quality/cr.mjs from file:///F:/creator/project_3/NewProject_36/assets/script/com/MainEntry.ts as cce:/internal/code-quality/cr.mjs.
debug: Resolve cc from file:///F:/creator/project_3/NewProject_36/assets/script/com/MainEntry.ts as cce:/internal/x/cc.
debug: Resolve cc from file:///F:/creator/project_3/NewProject_36/assets/script/com/MainEntry.ts as cce:/internal/x/cc.
debug: Resolve ../overwrite/EngineOverride from file:///F:/creator/project_3/NewProject_36/assets/script/com/MainEntry.ts as file:///F:/creator/project_3/NewProject_36/assets/script/overwrite/EngineOverride.ts.
debug: Resolve cc from file:///F:/creator/project_3/NewProject_36/assets/script/com/MainEntry.ts as cce:/internal/x/cc.
debug: Resolve ../utils/ClassSon from file:///F:/creator/project_3/NewProject_36/assets/script/com/MainEntry.ts as file:///F:/creator/project_3/NewProject_36/assets/script/utils/ClassSon.ts.
debug: Resolve ../utils/GlobalImport from file:///F:/creator/project_3/NewProject_36/assets/script/com/MainEntry.ts as file:///F:/creator/project_3/NewProject_36/assets/script/utils/GlobalImport.ts.
debug: Resolve cc/env from file:///F:/creator/project_3/NewProject_36/assets/script/com/MainEntry.ts as external dependency cc/env.
debug: Resolve ../utils/asyncAsset from file:///F:/creator/project_3/NewProject_36/assets/script/com/MainEntry.ts as file:///F:/creator/project_3/NewProject_36/assets/script/utils/asyncAsset.ts.
debug: Resolve ../config/usingAssets from file:///F:/creator/project_3/NewProject_36/assets/script/com/MainEntry.ts as file:///F:/creator/project_3/NewProject_36/assets/script/config/usingAssets.ts.
debug: Resolve file:///F:/creator/project_3/NewProject_36/assets/script/com/MainEntry.ts from cce:/internal/x/prerequisite-imports as file:///F:/creator/project_3/NewProject_36/assets/script/com/MainEntry.ts.
debug: Resolve file:///F:/creator/project_3/NewProject_36/assets/script/config/usingAssets.ts from cce:/internal/x/prerequisite-imports as file:///F:/creator/project_3/NewProject_36/assets/script/config/usingAssets.ts.
debug: Resolve file:///F:/creator/project_3/NewProject_36/assets/script/overwrite/EngineOverride.ts from cce:/internal/x/prerequisite-imports as file:///F:/creator/project_3/NewProject_36/assets/script/overwrite/EngineOverride.ts.
debug: Resolve file:///F:/creator/project_3/NewProject_36/assets/script/utils/ClassSon.ts from cce:/internal/x/prerequisite-imports as file:///F:/creator/project_3/NewProject_36/assets/script/utils/ClassSon.ts.
debug: Resolve file:///F:/creator/project_3/NewProject_36/assets/script/utils/ClassSuper.ts from cce:/internal/x/prerequisite-imports as file:///F:/creator/project_3/NewProject_36/assets/script/utils/ClassSuper.ts.
debug: Resolve file:///F:/creator/project_3/NewProject_36/assets/script/utils/GlobalImport.ts from cce:/internal/x/prerequisite-imports as file:///F:/creator/project_3/NewProject_36/assets/script/utils/GlobalImport.ts.
debug: Resolve file:///F:/creator/project_3/NewProject_36/assets/script/utils/asyncAsset.ts from cce:/internal/x/prerequisite-imports as file:///F:/creator/project_3/NewProject_36/assets/script/utils/asyncAsset.ts.
debug: Target(editor) ends with cost 106.28636646270752ms.
debug: Target(preview) build started.
debug: Detected change: cce:/internal/x/prerequisite-imports. Last mtime: Thu Jan 01 1970 08:03:45 GMT+0800 (中国标准时间), Current mtime: Thu Jan 01 1970 08:03:57 GMT+0800 (中国标准时间)
debug: Inspect cce:/internal/x/prerequisite-imports
debug: Resolve file:///F:/creator/project_3/NewProject_36/assets/script/ClassDictionary.ts from cce:/internal/x/prerequisite-imports as file:///F:/creator/project_3/NewProject_36/assets/script/ClassDictionary.ts.
debug: Detected change: file:///F:/creator/project_3/NewProject_36/assets/script/com/MainEntry.ts. Last mtime: Sun Apr 23 2023 18:01:13 GMT+0800 (中国标准时间)@6ed06b80-76ca-49b0-aebe-dfa781633962, Current mtime: Sun Apr 23 2023 18:01:24 GMT+0800 (中国标准时间)@6ed06b80-76ca-49b0-aebe-dfa781633962
debug: Inspect file:///F:/creator/project_3/NewProject_36/assets/script/com/MainEntry.ts
debug: Resolve cce:/internal/code-quality/cr.mjs from file:///F:/creator/project_3/NewProject_36/assets/script/com/MainEntry.ts as cce:/internal/code-quality/cr.mjs.
debug: Resolve cc from file:///F:/creator/project_3/NewProject_36/assets/script/com/MainEntry.ts as cce:/internal/x/cc.
debug: Resolve cc from file:///F:/creator/project_3/NewProject_36/assets/script/com/MainEntry.ts as cce:/internal/x/cc.
debug: Resolve ../overwrite/EngineOverride from file:///F:/creator/project_3/NewProject_36/assets/script/com/MainEntry.ts as file:///F:/creator/project_3/NewProject_36/assets/script/overwrite/EngineOverride.ts.
debug: Resolve cc from file:///F:/creator/project_3/NewProject_36/assets/script/com/MainEntry.ts as cce:/internal/x/cc.
debug: Resolve ../utils/ClassSon from file:///F:/creator/project_3/NewProject_36/assets/script/com/MainEntry.ts as file:///F:/creator/project_3/NewProject_36/assets/script/utils/ClassSon.ts.
debug: Resolve ../utils/GlobalImport from file:///F:/creator/project_3/NewProject_36/assets/script/com/MainEntry.ts as file:///F:/creator/project_3/NewProject_36/assets/script/utils/GlobalImport.ts.
debug: Resolve cc/env from file:///F:/creator/project_3/NewProject_36/assets/script/com/MainEntry.ts as external dependency cc/env.
debug: Resolve ../utils/asyncAsset from file:///F:/creator/project_3/NewProject_36/assets/script/com/MainEntry.ts as file:///F:/creator/project_3/NewProject_36/assets/script/utils/asyncAsset.ts.
debug: Resolve ../config/usingAssets from file:///F:/creator/project_3/NewProject_36/assets/script/com/MainEntry.ts as file:///F:/creator/project_3/NewProject_36/assets/script/config/usingAssets.ts.
debug: Resolve file:///F:/creator/project_3/NewProject_36/assets/script/com/MainEntry.ts from cce:/internal/x/prerequisite-imports as file:///F:/creator/project_3/NewProject_36/assets/script/com/MainEntry.ts.
debug: Resolve file:///F:/creator/project_3/NewProject_36/assets/script/config/usingAssets.ts from cce:/internal/x/prerequisite-imports as file:///F:/creator/project_3/NewProject_36/assets/script/config/usingAssets.ts.
debug: Resolve file:///F:/creator/project_3/NewProject_36/assets/script/overwrite/EngineOverride.ts from cce:/internal/x/prerequisite-imports as file:///F:/creator/project_3/NewProject_36/assets/script/overwrite/EngineOverride.ts.
debug: Resolve file:///F:/creator/project_3/NewProject_36/assets/script/utils/ClassSon.ts from cce:/internal/x/prerequisite-imports as file:///F:/creator/project_3/NewProject_36/assets/script/utils/ClassSon.ts.
debug: Resolve file:///F:/creator/project_3/NewProject_36/assets/script/utils/ClassSuper.ts from cce:/internal/x/prerequisite-imports as file:///F:/creator/project_3/NewProject_36/assets/script/utils/ClassSuper.ts.
debug: Resolve file:///F:/creator/project_3/NewProject_36/assets/script/utils/GlobalImport.ts from cce:/internal/x/prerequisite-imports as file:///F:/creator/project_3/NewProject_36/assets/script/utils/GlobalImport.ts.
debug: Resolve file:///F:/creator/project_3/NewProject_36/assets/script/utils/asyncAsset.ts from cce:/internal/x/prerequisite-imports as file:///F:/creator/project_3/NewProject_36/assets/script/utils/asyncAsset.ts.
debug: Target(preview) ends with cost 144.4870090484619ms.
